{"C:\\Users\\studb\\OneDrive\\Desktop\\v\\incubyte\\sweet-shop-system\\backend\\server.js": {"path":"C:\\Users\\studb\\OneDrive\\Desktop\\v\\incubyte\\sweet-shop-system\\backend\\server.js","statementMap":{"0":{"start":{"line":1,"column":0},"end":{"line":1,"column":34}},"1":{"start":{"line":3,"column":0},"end":{"line":6,"column":3}},"2":{"start":{"line":4,"column":2},"end":{"line":4,"column":44}},"3":{"start":{"line":5,"column":2},"end":{"line":5,"column":18}},"4":{"start":{"line":8,"column":16},"end":{"line":8,"column":34}},"5":{"start":{"line":9,"column":17},"end":{"line":9,"column":36}},"6":{"start":{"line":10,"column":13},"end":{"line":10,"column":28}},"7":{"start":{"line":11,"column":0},"end":{"line":11,"column":27}},"8":{"start":{"line":13,"column":19},"end":{"line":13,"column":43}},"9":{"start":{"line":14,"column":20},"end":{"line":14,"column":46}},"10":{"start":{"line":16,"column":12},"end":{"line":16,"column":21}},"11":{"start":{"line":19,"column":0},"end":{"line":19,"column":16}},"12":{"start":{"line":20,"column":0},"end":{"line":20,"column":24}},"13":{"start":{"line":23,"column":0},"end":{"line":23,"column":33}},"14":{"start":{"line":24,"column":0},"end":{"line":24,"column":36}},"15":{"start":{"line":27,"column":18},"end":{"line":35,"column":1}},"16":{"start":{"line":28,"column":2},"end":{"line":34,"column":3}},"17":{"start":{"line":29,"column":4},"end":{"line":29,"column":52}},"18":{"start":{"line":30,"column":4},"end":{"line":30,"column":50}},"19":{"start":{"line":32,"column":4},"end":{"line":32,"column":54}},"20":{"start":{"line":33,"column":4},"end":{"line":33,"column":20}},"21":{"start":{"line":37,"column":0},"end":{"line":44,"column":1}},"22":{"start":{"line":38,"column":2},"end":{"line":43,"column":5}},"23":{"start":{"line":39,"column":17},"end":{"line":39,"column":41}},"24":{"start":{"line":40,"column":4},"end":{"line":42,"column":7}},"25":{"start":{"line":41,"column":6},"end":{"line":41,"column":52}},"26":{"start":{"line":46,"column":0},"end":{"line":46,"column":21}}},"fnMap":{"0":{"name":"(anonymous_0)","decl":{"start":{"line":3,"column":33},"end":{"line":3,"column":34}},"loc":{"start":{"line":3,"column":42},"end":{"line":6,"column":1}},"line":3},"1":{"name":"(anonymous_1)","decl":{"start":{"line":27,"column":18},"end":{"line":27,"column":19}},"loc":{"start":{"line":27,"column":30},"end":{"line":35,"column":1}},"line":27},"2":{"name":"(anonymous_2)","decl":{"start":{"line":38,"column":19},"end":{"line":38,"column":20}},"loc":{"start":{"line":38,"column":25},"end":{"line":43,"column":3}},"line":38},"3":{"name":"(anonymous_3)","decl":{"start":{"line":40,"column":21},"end":{"line":40,"column":22}},"loc":{"start":{"line":40,"column":27},"end":{"line":42,"column":5}},"line":40}},"branchMap":{"0":{"loc":{"start":{"line":37,"column":0},"end":{"line":44,"column":1}},"type":"if","locations":[{"start":{"line":37,"column":0},"end":{"line":44,"column":1}},{"start":{},"end":{}}],"line":37},"1":{"loc":{"start":{"line":39,"column":17},"end":{"line":39,"column":41}},"type":"binary-expr","locations":[{"start":{"line":39,"column":17},"end":{"line":39,"column":33}},{"start":{"line":39,"column":37},"end":{"line":39,"column":41}}],"line":39}},"s":{"0":2,"1":2,"2":0,"3":0,"4":2,"5":2,"6":2,"7":2,"8":2,"9":2,"10":2,"11":2,"12":2,"13":2,"14":2,"15":2,"16":0,"17":0,"18":0,"19":0,"20":0,"21":2,"22":0,"23":0,"24":0,"25":0,"26":2},"f":{"0":0,"1":0,"2":0,"3":0},"b":{"0":[0,2],"1":[0,0]},"_coverageSchema":"1a1c01bbd47fc00a2c39e90264f33305004495a9","hash":"e4c47c2136db7d12518642245acdf3892e5d71f9"}
,"C:\\Users\\studb\\OneDrive\\Desktop\\v\\incubyte\\sweet-shop-system\\backend\\middleware\\auth.js": {"path":"C:\\Users\\studb\\OneDrive\\Desktop\\v\\incubyte\\sweet-shop-system\\backend\\middleware\\auth.js","statementMap":{"0":{"start":{"line":1,"column":12},"end":{"line":1,"column":35}},"1":{"start":{"line":2,"column":13},"end":{"line":2,"column":38}},"2":{"start":{"line":4,"column":26},"end":{"line":25,"column":1}},"3":{"start":{"line":5,"column":2},"end":{"line":24,"column":3}},"4":{"start":{"line":6,"column":23},"end":{"line":6,"column":51}},"5":{"start":{"line":7,"column":18},"end":{"line":7,"column":56}},"6":{"start":{"line":9,"column":4},"end":{"line":11,"column":5}},"7":{"start":{"line":10,"column":6},"end":{"line":10,"column":72}},"8":{"start":{"line":13,"column":20},"end":{"line":13,"column":61}},"9":{"start":{"line":14,"column":17},"end":{"line":14,"column":72}},"10":{"start":{"line":16,"column":4},"end":{"line":18,"column":5}},"11":{"start":{"line":17,"column":6},"end":{"line":17,"column":65}},"12":{"start":{"line":20,"column":4},"end":{"line":20,"column":20}},"13":{"start":{"line":21,"column":4},"end":{"line":21,"column":11}},"14":{"start":{"line":23,"column":4},"end":{"line":23,"column":73}},"15":{"start":{"line":27,"column":0},"end":{"line":27,"column":35}}},"fnMap":{"0":{"name":"(anonymous_0)","decl":{"start":{"line":4,"column":26},"end":{"line":4,"column":27}},"loc":{"start":{"line":4,"column":52},"end":{"line":25,"column":1}},"line":4}},"branchMap":{"0":{"loc":{"start":{"line":7,"column":18},"end":{"line":7,"column":56}},"type":"binary-expr","locations":[{"start":{"line":7,"column":18},"end":{"line":7,"column":28}},{"start":{"line":7,"column":32},"end":{"line":7,"column":56}}],"line":7},"1":{"loc":{"start":{"line":9,"column":4},"end":{"line":11,"column":5}},"type":"if","locations":[{"start":{"line":9,"column":4},"end":{"line":11,"column":5}},{"start":{},"end":{}}],"line":9},"2":{"loc":{"start":{"line":16,"column":4},"end":{"line":18,"column":5}},"type":"if","locations":[{"start":{"line":16,"column":4},"end":{"line":18,"column":5}},{"start":{},"end":{}}],"line":16}},"s":{"0":2,"1":2,"2":2,"3":3,"4":3,"5":3,"6":3,"7":1,"8":2,"9":2,"10":2,"11":0,"12":2,"13":2,"14":0,"15":2},"f":{"0":3},"b":{"0":[3,2],"1":[1,2],"2":[0,2]},"_coverageSchema":"1a1c01bbd47fc00a2c39e90264f33305004495a9","hash":"bf0d8d4c01a1276fe33f293a25349528c047d1d0"}
,"C:\\Users\\studb\\OneDrive\\Desktop\\v\\incubyte\\sweet-shop-system\\backend\\models\\Sweet.js": {"path":"C:\\Users\\studb\\OneDrive\\Desktop\\v\\incubyte\\sweet-shop-system\\backend\\models\\Sweet.js","statementMap":{"0":{"start":{"line":1,"column":17},"end":{"line":1,"column":36}},"1":{"start":{"line":3,"column":20},"end":{"line":10,"column":24}},"2":{"start":{"line":12,"column":0},"end":{"line":12,"column":54}}},"fnMap":{},"branchMap":{},"s":{"0":2,"1":2,"2":2},"f":{},"b":{},"_coverageSchema":"1a1c01bbd47fc00a2c39e90264f33305004495a9","hash":"b22f6f9c8432b1a4066dd7864a625f96771bc5e3"}
,"C:\\Users\\studb\\OneDrive\\Desktop\\v\\incubyte\\sweet-shop-system\\backend\\models\\User.js": {"path":"C:\\Users\\studb\\OneDrive\\Desktop\\v\\incubyte\\sweet-shop-system\\backend\\models\\User.js","statementMap":{"0":{"start":{"line":1,"column":17},"end":{"line":1,"column":36}},"1":{"start":{"line":2,"column":15},"end":{"line":2,"column":34}},"2":{"start":{"line":4,"column":19},"end":{"line":9,"column":24}},"3":{"start":{"line":12,"column":0},"end":{"line":17,"column":3}},"4":{"start":{"line":13,"column":2},"end":{"line":13,"column":50}},"5":{"start":{"line":13,"column":36},"end":{"line":13,"column":50}},"6":{"start":{"line":14,"column":15},"end":{"line":14,"column":39}},"7":{"start":{"line":15,"column":2},"end":{"line":15,"column":57}},"8":{"start":{"line":16,"column":2},"end":{"line":16,"column":9}},"9":{"start":{"line":20,"column":0},"end":{"line":22,"column":2}},"10":{"start":{"line":21,"column":2},"end":{"line":21,"column":64}},"11":{"start":{"line":24,"column":0},"end":{"line":24,"column":52}}},"fnMap":{"0":{"name":"(anonymous_0)","decl":{"start":{"line":12,"column":23},"end":{"line":12,"column":24}},"loc":{"start":{"line":12,"column":44},"end":{"line":17,"column":1}},"line":12},"1":{"name":"(anonymous_1)","decl":{"start":{"line":20,"column":37},"end":{"line":20,"column":38}},"loc":{"start":{"line":20,"column":71},"end":{"line":22,"column":1}},"line":20}},"branchMap":{"0":{"loc":{"start":{"line":13,"column":2},"end":{"line":13,"column":50}},"type":"if","locations":[{"start":{"line":13,"column":2},"end":{"line":13,"column":50}},{"start":{},"end":{}}],"line":13}},"s":{"0":2,"1":2,"2":2,"3":2,"4":7,"5":0,"6":7,"7":7,"8":7,"9":2,"10":1,"11":2},"f":{"0":7,"1":1},"b":{"0":[0,7]},"_coverageSchema":"1a1c01bbd47fc00a2c39e90264f33305004495a9","hash":"4d4f29a1756d7fc425d271a96a13fc26a7bd406c"}
,"C:\\Users\\studb\\OneDrive\\Desktop\\v\\incubyte\\sweet-shop-system\\backend\\routes\\auth.js": {"path":"C:\\Users\\studb\\OneDrive\\Desktop\\v\\incubyte\\sweet-shop-system\\backend\\routes\\auth.js","statementMap":{"0":{"start":{"line":1,"column":16},"end":{"line":1,"column":34}},"1":{"start":{"line":2,"column":12},"end":{"line":2,"column":35}},"2":{"start":{"line":3,"column":13},"end":{"line":3,"column":38}},"3":{"start":{"line":5,"column":15},"end":{"line":5,"column":31}},"4":{"start":{"line":8,"column":0},"end":{"line":39,"column":3}},"5":{"start":{"line":9,"column":2},"end":{"line":38,"column":3}},"6":{"start":{"line":10,"column":42},"end":{"line":10,"column":50}},"7":{"start":{"line":12,"column":4},"end":{"line":14,"column":5}},"8":{"start":{"line":13,"column":6},"end":{"line":13,"column":74}},"9":{"start":{"line":16,"column":25},"end":{"line":16,"column":79}},"10":{"start":{"line":17,"column":4},"end":{"line":19,"column":5}},"11":{"start":{"line":18,"column":6},"end":{"line":18,"column":70}},"12":{"start":{"line":21,"column":17},"end":{"line":21,"column":56}},"13":{"start":{"line":22,"column":4},"end":{"line":22,"column":22}},"14":{"start":{"line":24,"column":18},"end":{"line":28,"column":5}},"15":{"start":{"line":30,"column":4},"end":{"line":34,"column":7}},"16":{"start":{"line":36,"column":4},"end":{"line":36,"column":48}},"17":{"start":{"line":37,"column":4},"end":{"line":37,"column":76}},"18":{"start":{"line":42,"column":0},"end":{"line":75,"column":3}},"19":{"start":{"line":43,"column":2},"end":{"line":74,"column":3}},"20":{"start":{"line":44,"column":32},"end":{"line":44,"column":40}},"21":{"start":{"line":46,"column":4},"end":{"line":48,"column":5}},"22":{"start":{"line":47,"column":6},"end":{"line":47,"column":82}},"23":{"start":{"line":50,"column":17},"end":{"line":50,"column":46}},"24":{"start":{"line":51,"column":4},"end":{"line":53,"column":5}},"25":{"start":{"line":52,"column":6},"end":{"line":52,"column":70}},"26":{"start":{"line":55,"column":28},"end":{"line":55,"column":64}},"27":{"start":{"line":56,"column":4},"end":{"line":58,"column":5}},"28":{"start":{"line":57,"column":6},"end":{"line":57,"column":70}},"29":{"start":{"line":60,"column":18},"end":{"line":64,"column":5}},"30":{"start":{"line":66,"column":4},"end":{"line":70,"column":7}},"31":{"start":{"line":72,"column":4},"end":{"line":72,"column":41}},"32":{"start":{"line":73,"column":4},"end":{"line":73,"column":76}},"33":{"start":{"line":77,"column":0},"end":{"line":77,"column":24}}},"fnMap":{"0":{"name":"(anonymous_0)","decl":{"start":{"line":8,"column":25},"end":{"line":8,"column":26}},"loc":{"start":{"line":8,"column":45},"end":{"line":39,"column":1}},"line":8},"1":{"name":"(anonymous_1)","decl":{"start":{"line":42,"column":22},"end":{"line":42,"column":23}},"loc":{"start":{"line":42,"column":42},"end":{"line":75,"column":1}},"line":42}},"branchMap":{"0":{"loc":{"start":{"line":12,"column":4},"end":{"line":14,"column":5}},"type":"if","locations":[{"start":{"line":12,"column":4},"end":{"line":14,"column":5}},{"start":{},"end":{}}],"line":12},"1":{"loc":{"start":{"line":12,"column":8},"end":{"line":12,"column":40}},"type":"binary-expr","locations":[{"start":{"line":12,"column":8},"end":{"line":12,"column":17}},{"start":{"line":12,"column":21},"end":{"line":12,"column":27}},{"start":{"line":12,"column":31},"end":{"line":12,"column":40}}],"line":12},"2":{"loc":{"start":{"line":17,"column":4},"end":{"line":19,"column":5}},"type":"if","locations":[{"start":{"line":17,"column":4},"end":{"line":19,"column":5}},{"start":{},"end":{}}],"line":17},"3":{"loc":{"start":{"line":46,"column":4},"end":{"line":48,"column":5}},"type":"if","locations":[{"start":{"line":46,"column":4},"end":{"line":48,"column":5}},{"start":{},"end":{}}],"line":46},"4":{"loc":{"start":{"line":46,"column":8},"end":{"line":46,"column":27}},"type":"binary-expr","locations":[{"start":{"line":46,"column":8},"end":{"line":46,"column":14}},{"start":{"line":46,"column":18},"end":{"line":46,"column":27}}],"line":46},"5":{"loc":{"start":{"line":51,"column":4},"end":{"line":53,"column":5}},"type":"if","locations":[{"start":{"line":51,"column":4},"end":{"line":53,"column":5}},{"start":{},"end":{}}],"line":51},"6":{"loc":{"start":{"line":56,"column":4},"end":{"line":58,"column":5}},"type":"if","locations":[{"start":{"line":56,"column":4},"end":{"line":58,"column":5}},{"start":{},"end":{}}],"line":56}},"s":{"0":2,"1":2,"2":2,"3":2,"4":2,"5":7,"6":7,"7":7,"8":0,"9":7,"10":7,"11":2,"12":5,"13":5,"14":4,"15":4,"16":1,"17":1,"18":2,"19":2,"20":2,"21":2,"22":0,"23":2,"24":2,"25":1,"26":1,"27":1,"28":0,"29":1,"30":1,"31":0,"32":0,"33":2},"f":{"0":7,"1":2},"b":{"0":[0,7],"1":[7,7,7],"2":[2,5],"3":[0,2],"4":[2,2],"5":[1,1],"6":[0,1]},"_coverageSchema":"1a1c01bbd47fc00a2c39e90264f33305004495a9","hash":"83d756b38baf368e1ed5126a36f895b8c3160f5e"}
,"C:\\Users\\studb\\OneDrive\\Desktop\\v\\incubyte\\sweet-shop-system\\backend\\routes\\sweets.js": {"path":"C:\\Users\\studb\\OneDrive\\Desktop\\v\\incubyte\\sweet-shop-system\\backend\\routes\\sweets.js","statementMap":{"0":{"start":{"line":1,"column":16},"end":{"line":1,"column":34}},"1":{"start":{"line":2,"column":14},"end":{"line":2,"column":40}},"2":{"start":{"line":3,"column":13},"end":{"line":3,"column":42}},"3":{"start":{"line":5,"column":15},"end":{"line":5,"column":31}},"4":{"start":{"line":8,"column":0},"end":{"line":16,"column":3}},"5":{"start":{"line":9,"column":2},"end":{"line":15,"column":3}},"6":{"start":{"line":10,"column":19},"end":{"line":10,"column":77}},"7":{"start":{"line":11,"column":4},"end":{"line":11,"column":21}},"8":{"start":{"line":13,"column":4},"end":{"line":13,"column":46}},"9":{"start":{"line":14,"column":4},"end":{"line":14,"column":76}},"10":{"start":{"line":19,"column":0},"end":{"line":45,"column":3}},"11":{"start":{"line":20,"column":2},"end":{"line":44,"column":3}},"12":{"start":{"line":21,"column":51},"end":{"line":21,"column":60}},"13":{"start":{"line":23,"column":16},"end":{"line":23,"column":18}},"14":{"start":{"line":25,"column":4},"end":{"line":27,"column":5}},"15":{"start":{"line":26,"column":6},"end":{"line":26,"column":51}},"16":{"start":{"line":29,"column":4},"end":{"line":31,"column":5}},"17":{"start":{"line":30,"column":6},"end":{"line":30,"column":32}},"18":{"start":{"line":33,"column":4},"end":{"line":37,"column":5}},"19":{"start":{"line":34,"column":6},"end":{"line":34,"column":23}},"20":{"start":{"line":35,"column":6},"end":{"line":35,"column":60}},"21":{"start":{"line":35,"column":20},"end":{"line":35,"column":60}},"22":{"start":{"line":36,"column":6},"end":{"line":36,"column":60}},"23":{"start":{"line":36,"column":20},"end":{"line":36,"column":60}},"24":{"start":{"line":39,"column":19},"end":{"line":39,"column":82}},"25":{"start":{"line":40,"column":4},"end":{"line":40,"column":21}},"26":{"start":{"line":42,"column":4},"end":{"line":42,"column":42}},"27":{"start":{"line":43,"column":4},"end":{"line":43,"column":76}},"28":{"start":{"line":48,"column":0},"end":{"line":59,"column":3}},"29":{"start":{"line":49,"column":2},"end":{"line":58,"column":3}},"30":{"start":{"line":50,"column":18},"end":{"line":50,"column":93}},"31":{"start":{"line":51,"column":4},"end":{"line":53,"column":5}},"32":{"start":{"line":52,"column":6},"end":{"line":52,"column":66}},"33":{"start":{"line":54,"column":4},"end":{"line":54,"column":20}},"34":{"start":{"line":56,"column":4},"end":{"line":56,"column":45}},"35":{"start":{"line":57,"column":4},"end":{"line":57,"column":76}},"36":{"start":{"line":62,"column":0},"end":{"line":85,"column":3}},"37":{"start":{"line":63,"column":2},"end":{"line":84,"column":3}},"38":{"start":{"line":64,"column":61},"end":{"line":64,"column":69}},"39":{"start":{"line":66,"column":4},"end":{"line":68,"column":5}},"40":{"start":{"line":67,"column":6},"end":{"line":67,"column":74}},"41":{"start":{"line":70,"column":18},"end":{"line":77,"column":6}},"42":{"start":{"line":79,"column":4},"end":{"line":79,"column":23}},"43":{"start":{"line":80,"column":4},"end":{"line":80,"column":75}},"44":{"start":{"line":82,"column":4},"end":{"line":82,"column":48}},"45":{"start":{"line":83,"column":4},"end":{"line":83,"column":76}},"46":{"start":{"line":88,"column":0},"end":{"line":109,"column":3}},"47":{"start":{"line":89,"column":2},"end":{"line":108,"column":3}},"48":{"start":{"line":90,"column":61},"end":{"line":90,"column":69}},"49":{"start":{"line":92,"column":18},"end":{"line":92,"column":53}},"50":{"start":{"line":93,"column":4},"end":{"line":95,"column":5}},"51":{"start":{"line":94,"column":6},"end":{"line":94,"column":66}},"52":{"start":{"line":97,"column":4},"end":{"line":97,"column":32}},"53":{"start":{"line":97,"column":14},"end":{"line":97,"column":32}},"54":{"start":{"line":98,"column":4},"end":{"line":98,"column":53}},"55":{"start":{"line":98,"column":21},"end":{"line":98,"column":53}},"56":{"start":{"line":99,"column":4},"end":{"line":99,"column":49}},"57":{"start":{"line":99,"column":29},"end":{"line":99,"column":49}},"58":{"start":{"line":100,"column":4},"end":{"line":100,"column":58}},"59":{"start":{"line":100,"column":32},"end":{"line":100,"column":58}},"60":{"start":{"line":101,"column":4},"end":{"line":101,"column":44}},"61":{"start":{"line":101,"column":18},"end":{"line":101,"column":44}},"62":{"start":{"line":103,"column":4},"end":{"line":103,"column":23}},"63":{"start":{"line":104,"column":4},"end":{"line":104,"column":63}},"64":{"start":{"line":106,"column":4},"end":{"line":106,"column":48}},"65":{"start":{"line":107,"column":4},"end":{"line":107,"column":76}},"66":{"start":{"line":112,"column":0},"end":{"line":123,"column":3}},"67":{"start":{"line":113,"column":2},"end":{"line":122,"column":3}},"68":{"start":{"line":114,"column":18},"end":{"line":114,"column":62}},"69":{"start":{"line":115,"column":4},"end":{"line":117,"column":5}},"70":{"start":{"line":116,"column":6},"end":{"line":116,"column":66}},"71":{"start":{"line":118,"column":4},"end":{"line":118,"column":56}},"72":{"start":{"line":120,"column":4},"end":{"line":120,"column":48}},"73":{"start":{"line":121,"column":4},"end":{"line":121,"column":76}},"74":{"start":{"line":126,"column":0},"end":{"line":151,"column":3}},"75":{"start":{"line":127,"column":2},"end":{"line":150,"column":3}},"76":{"start":{"line":128,"column":25},"end":{"line":128,"column":33}},"77":{"start":{"line":130,"column":4},"end":{"line":132,"column":5}},"78":{"start":{"line":131,"column":6},"end":{"line":131,"column":74}},"79":{"start":{"line":134,"column":18},"end":{"line":134,"column":53}},"80":{"start":{"line":135,"column":4},"end":{"line":137,"column":5}},"81":{"start":{"line":136,"column":6},"end":{"line":136,"column":66}},"82":{"start":{"line":139,"column":4},"end":{"line":141,"column":5}},"83":{"start":{"line":140,"column":6},"end":{"line":140,"column":69}},"84":{"start":{"line":143,"column":4},"end":{"line":143,"column":31}},"85":{"start":{"line":144,"column":4},"end":{"line":144,"column":23}},"86":{"start":{"line":146,"column":4},"end":{"line":146,"column":56}},"87":{"start":{"line":148,"column":4},"end":{"line":148,"column":44}},"88":{"start":{"line":149,"column":4},"end":{"line":149,"column":76}},"89":{"start":{"line":154,"column":0},"end":{"line":175,"column":3}},"90":{"start":{"line":155,"column":2},"end":{"line":174,"column":3}},"91":{"start":{"line":156,"column":25},"end":{"line":156,"column":33}},"92":{"start":{"line":158,"column":4},"end":{"line":160,"column":5}},"93":{"start":{"line":159,"column":6},"end":{"line":159,"column":74}},"94":{"start":{"line":162,"column":18},"end":{"line":162,"column":53}},"95":{"start":{"line":163,"column":4},"end":{"line":165,"column":5}},"96":{"start":{"line":164,"column":6},"end":{"line":164,"column":66}},"97":{"start":{"line":167,"column":4},"end":{"line":167,"column":41}},"98":{"start":{"line":168,"column":4},"end":{"line":168,"column":23}},"99":{"start":{"line":170,"column":4},"end":{"line":170,"column":65}},"100":{"start":{"line":172,"column":4},"end":{"line":172,"column":43}},"101":{"start":{"line":173,"column":4},"end":{"line":173,"column":76}},"102":{"start":{"line":177,"column":0},"end":{"line":177,"column":24}}},"fnMap":{"0":{"name":"(anonymous_0)","decl":{"start":{"line":8,"column":16},"end":{"line":8,"column":17}},"loc":{"start":{"line":8,"column":36},"end":{"line":16,"column":1}},"line":8},"1":{"name":"(anonymous_1)","decl":{"start":{"line":19,"column":22},"end":{"line":19,"column":23}},"loc":{"start":{"line":19,"column":42},"end":{"line":45,"column":1}},"line":19},"2":{"name":"(anonymous_2)","decl":{"start":{"line":48,"column":19},"end":{"line":48,"column":20}},"loc":{"start":{"line":48,"column":39},"end":{"line":59,"column":1}},"line":48},"3":{"name":"(anonymous_3)","decl":{"start":{"line":62,"column":23},"end":{"line":62,"column":24}},"loc":{"start":{"line":62,"column":43},"end":{"line":85,"column":1}},"line":62},"4":{"name":"(anonymous_4)","decl":{"start":{"line":88,"column":25},"end":{"line":88,"column":26}},"loc":{"start":{"line":88,"column":45},"end":{"line":109,"column":1}},"line":88},"5":{"name":"(anonymous_5)","decl":{"start":{"line":112,"column":28},"end":{"line":112,"column":29}},"loc":{"start":{"line":112,"column":48},"end":{"line":123,"column":1}},"line":112},"6":{"name":"(anonymous_6)","decl":{"start":{"line":126,"column":35},"end":{"line":126,"column":36}},"loc":{"start":{"line":126,"column":55},"end":{"line":151,"column":1}},"line":126},"7":{"name":"(anonymous_7)","decl":{"start":{"line":154,"column":34},"end":{"line":154,"column":35}},"loc":{"start":{"line":154,"column":54},"end":{"line":175,"column":1}},"line":154}},"branchMap":{"0":{"loc":{"start":{"line":25,"column":4},"end":{"line":27,"column":5}},"type":"if","locations":[{"start":{"line":25,"column":4},"end":{"line":27,"column":5}},{"start":{},"end":{}}],"line":25},"1":{"loc":{"start":{"line":29,"column":4},"end":{"line":31,"column":5}},"type":"if","locations":[{"start":{"line":29,"column":4},"end":{"line":31,"column":5}},{"start":{},"end":{}}],"line":29},"2":{"loc":{"start":{"line":33,"column":4},"end":{"line":37,"column":5}},"type":"if","locations":[{"start":{"line":33,"column":4},"end":{"line":37,"column":5}},{"start":{},"end":{}}],"line":33},"3":{"loc":{"start":{"line":33,"column":8},"end":{"line":33,"column":28}},"type":"binary-expr","locations":[{"start":{"line":33,"column":8},"end":{"line":33,"column":16}},{"start":{"line":33,"column":20},"end":{"line":33,"column":28}}],"line":33},"4":{"loc":{"start":{"line":35,"column":6},"end":{"line":35,"column":60}},"type":"if","locations":[{"start":{"line":35,"column":6},"end":{"line":35,"column":60}},{"start":{},"end":{}}],"line":35},"5":{"loc":{"start":{"line":36,"column":6},"end":{"line":36,"column":60}},"type":"if","locations":[{"start":{"line":36,"column":6},"end":{"line":36,"column":60}},{"start":{},"end":{}}],"line":36},"6":{"loc":{"start":{"line":51,"column":4},"end":{"line":53,"column":5}},"type":"if","locations":[{"start":{"line":51,"column":4},"end":{"line":53,"column":5}},{"start":{},"end":{}}],"line":51},"7":{"loc":{"start":{"line":66,"column":4},"end":{"line":68,"column":5}},"type":"if","locations":[{"start":{"line":66,"column":4},"end":{"line":68,"column":5}},{"start":{},"end":{}}],"line":66},"8":{"loc":{"start":{"line":66,"column":8},"end":{"line":66,"column":78}},"type":"binary-expr","locations":[{"start":{"line":66,"column":8},"end":{"line":66,"column":13}},{"start":{"line":66,"column":17},"end":{"line":66,"column":29}},{"start":{"line":66,"column":33},"end":{"line":66,"column":52}},{"start":{"line":66,"column":56},"end":{"line":66,"column":78}}],"line":66},"9":{"loc":{"start":{"line":75,"column":16},"end":{"line":75,"column":35}},"type":"binary-expr","locations":[{"start":{"line":75,"column":16},"end":{"line":75,"column":24}},{"start":{"line":75,"column":28},"end":{"line":75,"column":35}}],"line":75},"10":{"loc":{"start":{"line":93,"column":4},"end":{"line":95,"column":5}},"type":"if","locations":[{"start":{"line":93,"column":4},"end":{"line":95,"column":5}},{"start":{},"end":{}}],"line":93},"11":{"loc":{"start":{"line":97,"column":4},"end":{"line":97,"column":32}},"type":"if","locations":[{"start":{"line":97,"column":4},"end":{"line":97,"column":32}},{"start":{},"end":{}}],"line":97},"12":{"loc":{"start":{"line":98,"column":4},"end":{"line":98,"column":53}},"type":"if","locations":[{"start":{"line":98,"column":4},"end":{"line":98,"column":53}},{"start":{},"end":{}}],"line":98},"13":{"loc":{"start":{"line":99,"column":4},"end":{"line":99,"column":49}},"type":"if","locations":[{"start":{"line":99,"column":4},"end":{"line":99,"column":49}},{"start":{},"end":{}}],"line":99},"14":{"loc":{"start":{"line":100,"column":4},"end":{"line":100,"column":58}},"type":"if","locations":[{"start":{"line":100,"column":4},"end":{"line":100,"column":58}},{"start":{},"end":{}}],"line":100},"15":{"loc":{"start":{"line":101,"column":4},"end":{"line":101,"column":44}},"type":"if","locations":[{"start":{"line":101,"column":4},"end":{"line":101,"column":44}},{"start":{},"end":{}}],"line":101},"16":{"loc":{"start":{"line":115,"column":4},"end":{"line":117,"column":5}},"type":"if","locations":[{"start":{"line":115,"column":4},"end":{"line":117,"column":5}},{"start":{},"end":{}}],"line":115},"17":{"loc":{"start":{"line":130,"column":4},"end":{"line":132,"column":5}},"type":"if","locations":[{"start":{"line":130,"column":4},"end":{"line":132,"column":5}},{"start":{},"end":{}}],"line":130},"18":{"loc":{"start":{"line":130,"column":8},"end":{"line":130,"column":34}},"type":"binary-expr","locations":[{"start":{"line":130,"column":8},"end":{"line":130,"column":17}},{"start":{"line":130,"column":21},"end":{"line":130,"column":34}}],"line":130},"19":{"loc":{"start":{"line":135,"column":4},"end":{"line":137,"column":5}},"type":"if","locations":[{"start":{"line":135,"column":4},"end":{"line":137,"column":5}},{"start":{},"end":{}}],"line":135},"20":{"loc":{"start":{"line":139,"column":4},"end":{"line":141,"column":5}},"type":"if","locations":[{"start":{"line":139,"column":4},"end":{"line":141,"column":5}},{"start":{},"end":{}}],"line":139},"21":{"loc":{"start":{"line":158,"column":4},"end":{"line":160,"column":5}},"type":"if","locations":[{"start":{"line":158,"column":4},"end":{"line":160,"column":5}},{"start":{},"end":{}}],"line":158},"22":{"loc":{"start":{"line":158,"column":8},"end":{"line":158,"column":34}},"type":"binary-expr","locations":[{"start":{"line":158,"column":8},"end":{"line":158,"column":17}},{"start":{"line":158,"column":21},"end":{"line":158,"column":34}}],"line":158},"23":{"loc":{"start":{"line":163,"column":4},"end":{"line":165,"column":5}},"type":"if","locations":[{"start":{"line":163,"column":4},"end":{"line":165,"column":5}},{"start":{},"end":{}}],"line":163}},"s":{"0":2,"1":2,"2":2,"3":2,"4":2,"5":0,"6":0,"7":0,"8":0,"9":0,"10":2,"11":0,"12":0,"13":0,"14":0,"15":0,"16":0,"17":0,"18":0,"19":0,"20":0,"21":0,"22":0,"23":0,"24":0,"25":0,"26":0,"27":0,"28":2,"29":0,"30":0,"31":0,"32":0,"33":0,"34":0,"35":0,"36":2,"37":0,"38":0,"39":0,"40":0,"41":0,"42":0,"43":0,"44":0,"45":0,"46":2,"47":0,"48":0,"49":0,"50":0,"51":0,"52":0,"53":0,"54":0,"55":0,"56":0,"57":0,"58":0,"59":0,"60":0,"61":0,"62":0,"63":0,"64":0,"65":0,"66":2,"67":0,"68":0,"69":0,"70":0,"71":0,"72":0,"73":0,"74":2,"75":2,"76":2,"77":2,"78":0,"79":2,"80":2,"81":0,"82":2,"83":1,"84":1,"85":1,"86":1,"87":0,"88":0,"89":2,"90":0,"91":0,"92":0,"93":0,"94":0,"95":0,"96":0,"97":0,"98":0,"99":0,"100":0,"101":0,"102":2},"f":{"0":0,"1":0,"2":0,"3":0,"4":0,"5":0,"6":2,"7":0},"b":{"0":[0,0],"1":[0,0],"2":[0,0],"3":[0,0],"4":[0,0],"5":[0,0],"6":[0,0],"7":[0,0],"8":[0,0,0,0],"9":[0,0],"10":[0,0],"11":[0,0],"12":[0,0],"13":[0,0],"14":[0,0],"15":[0,0],"16":[0,0],"17":[0,2],"18":[2,2],"19":[0,2],"20":[1,1],"21":[0,0],"22":[0,0],"23":[0,0]},"_coverageSchema":"1a1c01bbd47fc00a2c39e90264f33305004495a9","hash":"4fa984af11b6db644557f1b602f4f6270afacf5b"}
}
