TN:
SF:server.js
FN:3,(anonymous_0)
FN:27,(anonymous_1)
FN:38,(anonymous_2)
FN:40,(anonymous_3)
FNF:4
FNH:0
FNDA:0,(anonymous_0)
FNDA:0,(anonymous_1)
FNDA:0,(anonymous_2)
FNDA:0,(anonymous_3)
DA:1,2
DA:3,2
DA:4,0
DA:5,0
DA:8,2
DA:9,2
DA:10,2
DA:11,2
DA:13,2
DA:14,2
DA:16,2
DA:19,2
DA:20,2
DA:23,2
DA:24,2
DA:27,2
DA:28,0
DA:29,0
DA:30,0
DA:32,0
DA:33,0
DA:37,2
DA:38,0
DA:39,0
DA:40,0
DA:41,0
DA:46,2
LF:27
LH:16
BRDA:37,0,0,0
BRDA:37,0,1,2
BRDA:39,1,0,0
BRDA:39,1,1,0
BRF:4
BRH:1
end_of_record
TN:
SF:middleware\auth.js
FN:4,(anonymous_0)
FNF:1
FNH:1
FNDA:3,(anonymous_0)
DA:1,2
DA:2,2
DA:4,2
DA:5,3
DA:6,3
DA:7,3
DA:9,3
DA:10,1
DA:13,2
DA:14,2
DA:16,2
DA:17,0
DA:20,2
DA:21,2
DA:23,0
DA:27,2
LF:16
LH:14
BRDA:7,0,0,3
BRDA:7,0,1,2
BRDA:9,1,0,1
BRDA:9,1,1,2
BRDA:16,2,0,0
BRDA:16,2,1,2
BRF:6
BRH:5
end_of_record
TN:
SF:models\Sweet.js
FNF:0
FNH:0
DA:1,2
DA:3,2
DA:12,2
LF:3
LH:3
BRF:0
BRH:0
end_of_record
TN:
SF:models\User.js
FN:12,(anonymous_0)
FN:20,(anonymous_1)
FNF:2
FNH:2
FNDA:7,(anonymous_0)
FNDA:1,(anonymous_1)
DA:1,2
DA:2,2
DA:4,2
DA:12,2
DA:13,7
DA:14,7
DA:15,7
DA:16,7
DA:20,2
DA:21,1
DA:24,2
LF:11
LH:11
BRDA:13,0,0,0
BRDA:13,0,1,7
BRF:2
BRH:1
end_of_record
TN:
SF:routes\auth.js
FN:8,(anonymous_0)
FN:42,(anonymous_1)
FNF:2
FNH:2
FNDA:7,(anonymous_0)
FNDA:2,(anonymous_1)
DA:1,2
DA:2,2
DA:3,2
DA:5,2
DA:8,2
DA:9,7
DA:10,7
DA:12,7
DA:13,0
DA:16,7
DA:17,7
DA:18,2
DA:21,5
DA:22,5
DA:24,4
DA:30,4
DA:36,1
DA:37,1
DA:42,2
DA:43,2
DA:44,2
DA:46,2
DA:47,0
DA:50,2
DA:51,2
DA:52,1
DA:55,1
DA:56,1
DA:57,0
DA:60,1
DA:66,1
DA:72,0
DA:73,0
DA:77,2
LF:34
LH:29
BRDA:12,0,0,0
BRDA:12,0,1,7
BRDA:12,1,0,7
BRDA:12,1,1,7
BRDA:12,1,2,7
BRDA:17,2,0,2
BRDA:17,2,1,5
BRDA:46,3,0,0
BRDA:46,3,1,2
BRDA:46,4,0,2
BRDA:46,4,1,2
BRDA:51,5,0,1
BRDA:51,5,1,1
BRDA:56,6,0,0
BRDA:56,6,1,1
BRF:15
BRH:12
end_of_record
TN:
SF:routes\sweets.js
FN:8,(anonymous_0)
FN:19,(anonymous_1)
FN:48,(anonymous_2)
FN:62,(anonymous_3)
FN:88,(anonymous_4)
FN:112,(anonymous_5)
FN:126,(anonymous_6)
FN:154,(anonymous_7)
FNF:8
FNH:1
FNDA:0,(anonymous_0)
FNDA:0,(anonymous_1)
FNDA:0,(anonymous_2)
FNDA:0,(anonymous_3)
FNDA:0,(anonymous_4)
FNDA:0,(anonymous_5)
FNDA:2,(anonymous_6)
FNDA:0,(anonymous_7)
DA:1,2
DA:2,2
DA:3,2
DA:5,2
DA:8,2
DA:9,0
DA:10,0
DA:11,0
DA:13,0
DA:14,0
DA:19,2
DA:20,0
DA:21,0
DA:23,0
DA:25,0
DA:26,0
DA:29,0
DA:30,0
DA:33,0
DA:34,0
DA:35,0
DA:36,0
DA:39,0
DA:40,0
DA:42,0
DA:43,0
DA:48,2
DA:49,0
DA:50,0
DA:51,0
DA:52,0
DA:54,0
DA:56,0
DA:57,0
DA:62,2
DA:63,0
DA:64,0
DA:66,0
DA:67,0
DA:70,0
DA:79,0
DA:80,0
DA:82,0
DA:83,0
DA:88,2
DA:89,0
DA:90,0
DA:92,0
DA:93,0
DA:94,0
DA:97,0
DA:98,0
DA:99,0
DA:100,0
DA:101,0
DA:103,0
DA:104,0
DA:106,0
DA:107,0
DA:112,2
DA:113,0
DA:114,0
DA:115,0
DA:116,0
DA:118,0
DA:120,0
DA:121,0
DA:126,2
DA:127,2
DA:128,2
DA:130,2
DA:131,0
DA:134,2
DA:135,2
DA:136,0
DA:139,2
DA:140,1
DA:143,1
DA:144,1
DA:146,1
DA:148,0
DA:149,0
DA:154,2
DA:155,0
DA:156,0
DA:158,0
DA:159,0
DA:162,0
DA:163,0
DA:164,0
DA:167,0
DA:168,0
DA:170,0
DA:172,0
DA:173,0
DA:177,2
LF:96
LH:23
BRDA:25,0,0,0
BRDA:25,0,1,0
BRDA:29,1,0,0
BRDA:29,1,1,0
BRDA:33,2,0,0
BRDA:33,2,1,0
BRDA:33,3,0,0
BRDA:33,3,1,0
BRDA:35,4,0,0
BRDA:35,4,1,0
BRDA:36,5,0,0
BRDA:36,5,1,0
BRDA:51,6,0,0
BRDA:51,6,1,0
BRDA:66,7,0,0
BRDA:66,7,1,0
BRDA:66,8,0,0
BRDA:66,8,1,0
BRDA:66,8,2,0
BRDA:66,8,3,0
BRDA:75,9,0,0
BRDA:75,9,1,0
BRDA:93,10,0,0
BRDA:93,10,1,0
BRDA:97,11,0,0
BRDA:97,11,1,0
BRDA:98,12,0,0
BRDA:98,12,1,0
BRDA:99,13,0,0
BRDA:99,13,1,0
BRDA:100,14,0,0
BRDA:100,14,1,0
BRDA:101,15,0,0
BRDA:101,15,1,0
BRDA:115,16,0,0
BRDA:115,16,1,0
BRDA:130,17,0,0
BRDA:130,17,1,2
BRDA:130,18,0,2
BRDA:130,18,1,2
BRDA:135,19,0,0
BRDA:135,19,1,2
BRDA:139,20,0,1
BRDA:139,20,1,1
BRDA:158,21,0,0
BRDA:158,21,1,0
BRDA:158,22,0,0
BRDA:158,22,1,0
BRDA:163,23,0,0
BRDA:163,23,1,0
BRF:50
BRH:6
end_of_record
